2021-11-26 17:38:54 - MOD: Modification Default
FILE: system/engine/action.php
REGEX: ~(require|include)(_once)?\(([^)]+)~
LINE: 39
FILE: system/engine/loader.php
REGEX: ~(require|include)(_once)?\(([^)]+)~
LINE: 20
LINE: 59
LINE: 80
LINE: 99
FILE: system/library/config.php
REGEX: ~(require|include)(_once)?\(([^)]+)~
LINE: 23
FILE: system/library/language.php
REGEX: ~(require|include)(_once)?\(([^)]+)~
LINE: 25
LINE: 31
----------------------------------------------------------------
MOD: Admin Quick Edit PRO
FILE: admin/controller/design/layout.php
CODE: foreach ($extensions as $code)
LINE: 374
CODE: $this->language->get('heading_title')
LINE: 7
LINE: 17
LINE: 49
LINE: 81
LINE: 153
LINE: 181
LINE: 259
LINE: 317
LINE: 383
LINE: 390
FILE: admin/controller/extension/module.php
CODE: function index
LINE: 5
FILE: admin/controller/module/admin_quick_edit.php
CODE: <?php
LINE: 1
FILE: admin/model/extension/event.php
CODE: ModelExtensionEvent extends Model
LINE: 8
FILE: admin/controller/marketing/coupon.php
CODE: public function index() {
LINE: 9
CODE: public function delete() {
LINE: 88
CODE: ControllerMarketingCoupon extends Controller
LINE: 26
CODE: $url .= '&sort=' . $this->request->get['sort'];
LINE: 68
LINE: 109
LINE: 157
LINE: 205
LINE: 326
LINE: 449
FILE: admin/controller/marketing/affiliate.php
CODE: public function index() {
LINE: 9
CODE: public function delete() {
LINE: 128
CODE: public function autocomplete() {
LINE: 1215
CODE: ControllerMarketingAffiliate extends Controller
LINE: 26
CODE: $url .= '&sort=' . $this->request->get['sort'];
LINE: 88
LINE: 149
LINE: 217
LINE: 278
LINE: 339
LINE: 437
LINE: 631
LINE: 855
FILE: admin/controller/marketing/marketing.php
CODE: public function index() {
LINE: 9
CODE: public function delete() {
LINE: 112
CODE: ControllerMarketingMarketing extends Controller
LINE: 10
CODE: $url .= '&sort=' . $this->request->get['sort'];
LINE: 64
LINE: 117
LINE: 177
LINE: 255
LINE: 268
LINE: 418
LINE: 507
FILE: admin/controller/sale/voucher_theme.php
CODE: public function index() {
LINE: 9
CODE: public function delete() {
LINE: 88
CODE: ControllerSaleVoucherTheme extends Controller
LINE: 18
CODE: $url .= '&sort=' . $this->request->get['sort'];
LINE: 60
LINE: 101
LINE: 149
LINE: 197
LINE: 303
LINE: 371
FILE: admin/controller/sale/voucher.php
CODE: public function index() {
LINE: 9
CODE: public function delete() {
LINE: 88
CODE: public function send() {
LINE: 599
CODE: ControllerSaleVoucher extends Controller
LINE: 10
CODE: $url .= '&sort=' . $this->request->get['sort'];
LINE: 52
LINE: 93
LINE: 141
LINE: 189
LINE: 316
LINE: 429
FILE: admin/controller/sale/return.php
CODE: public function index() {
LINE: 9
CODE: public function delete() {
LINE: 152
CODE: ControllerSaleReturn extends Controller
LINE: 34
CODE: $url .= '&sort=' . $this->request->get['sort'];
LINE: 108
LINE: 181
LINE: 261
LINE: 389
LINE: 604
LINE: 782
FILE: admin/controller/sale/order.php
CODE: function getList() {
LINE: 81
CODE: ControllerSaleOrder extends Controller
LINE: 190
FILE: admin/view/template/sale/order_list.tpl
CODE: <div class="panel panel-default">
LINE: 25
CODE: <button type="submit" id="button-shipping"
LINE: 8
REGEX: ~<td class="text-left"><\?php echo \$order\['(.*)status'\]; \?></td>~
LINE: 142
CODE: <?php echo $footer; ?>
LINE: 360
FILE: admin/controller/customer/customer.php
CODE: public function index() {
LINE: 9
CODE: public function delete() {
LINE: 144
CODE: ControllerCustomerCustomer extends Controller
LINE: 26
CODE: $url .= '&sort=' . $this->request->get['sort'];
LINE: 96
LINE: 165
LINE: 241
LINE: 318
LINE: 387
LINE: 505
LINE: 725
LINE: 924
FILE: admin/controller/catalog/information.php
CODE: public function index() {
LINE: 9
CODE: public function delete() {
LINE: 88
CODE: ControllerCatalogInformation extends Controller
LINE: 26
CODE: $url .= '&sort=' . $this->request->get['sort'];
LINE: 68
LINE: 109
LINE: 157
LINE: 205
LINE: 314
LINE: 413
FILE: admin/controller/catalog/review.php
CODE: public function index() {
LINE: 9
CODE: public function delete() {
LINE: 120
CODE: ControllerCatalogReview extends Controller
LINE: 26
CODE: $url .= '&sort=' . $this->request->get['sort'];
LINE: 84
LINE: 141
LINE: 205
LINE: 294
LINE: 443
LINE: 551
FILE: admin/controller/catalog/download.php
CODE: public function index() {
LINE: 9
CODE: public function delete() {
LINE: 88
CODE: public function autocomplete() {
LINE: 523
CODE: ControllerCatalogDownload extends Controller
LINE: 18
CODE: $url .= '&sort=' . $this->request->get['sort'];
LINE: 60
LINE: 101
LINE: 149
LINE: 197
LINE: 306
LINE: 386
FILE: admin/controller/catalog/manufacturer.php
CODE: public function index() {
LINE: 9
CODE: public function delete() {
LINE: 88
CODE: public function autocomplete() {
LINE: 463
CODE: ControllerCatalogManufacturer extends Controller
LINE: 18
CODE: $url .= '&sort=' . $this->request->get['sort'];
LINE: 60
LINE: 101
LINE: 149
LINE: 197
LINE: 306
LINE: 385
FILE: admin/controller/catalog/option.php
CODE: public function index() {
LINE: 9
CODE: public function delete() {
LINE: 88
CODE: ControllerCatalogOption extends Controller
LINE: 34
CODE: $url .= '&sort=' . $this->request->get['sort'];
LINE: 76
LINE: 117
LINE: 165
LINE: 213
LINE: 322
LINE: 407
FILE: admin/controller/catalog/attribute_group.php
CODE: public function index() {
LINE: 9
CODE: public function delete() {
LINE: 88
CODE: ControllerCatalogAttributeGroup extends Controller
LINE: 26
CODE: $url .= '&sort=' . $this->request->get['sort'];
LINE: 68
LINE: 109
LINE: 157
LINE: 205
LINE: 314
LINE: 376
FILE: admin/controller/catalog/attribute.php
CODE: public function index() {
LINE: 9
CODE: public function delete() {
LINE: 88
CODE: public function autocomplete() {
LINE: 422
CODE: ControllerCatalogAttribute extends Controller
LINE: 18
CODE: $url .= '&sort=' . $this->request->get['sort'];
LINE: 60
LINE: 101
LINE: 149
LINE: 197
LINE: 309
LINE: 378
FILE: admin/controller/catalog/filter.php
CODE: public function index() {
LINE: 9
CODE: public function delete() {
LINE: 88
CODE: ControllerCatalogFilter extends Controller
LINE: 34
CODE: $url .= '&sort=' . $this->request->get['sort'];
LINE: 76
LINE: 117
LINE: 165
LINE: 213
LINE: 322
LINE: 393
FILE: admin/controller/catalog/recurring.php
CODE: public function index() {
LINE: 9
CODE: public function delete() {
LINE: 88
CODE: public function copy() {
LINE: 127
CODE: ControllerCatalogRecurring extends Controller
LINE: 18
CODE: $url .= '&sort=' . $this->request->get['sort'];
LINE: 60
LINE: 101
LINE: 149
LINE: 197
LINE: 245
LINE: 356
LINE: 433
FILE: admin/controller/catalog/category.php
CODE: public function index() {
LINE: 9
CODE: public function delete() {
LINE: 88
CODE: public function autocomplete() {
LINE: 592
CODE: ControllerCatalogCategory extends Controller
LINE: 42
CODE: $url .= '&sort=' . $this->request->get['sort'];
LINE: 84
LINE: 125
LINE: 173
LINE: 239
LINE: 351
LINE: 451
FILE: admin/controller/catalog/product.php
CODE: public function index() {
LINE: 9
CODE: public function delete() {
LINE: 128
CODE: public function copy() {
LINE: 187
CODE: public function autocomplete() {
LINE: 1376
CODE: ControllerCatalogProduct extends Controller
LINE: 42
CODE: $url .= '&filter_name=' . urlencode(html_entity_decode($this->request->get['filter_name'], ENT_QUOTES, 'UTF-8'));
LINE: 87
LINE: 151
LINE: 222
LINE: 293
LINE: 394
LINE: 558
LINE: 609
LINE: 820
REGEX: ~\$url \.= '&(.*?)=' \. \$this->request->get\['(.*?)'\];~
LINE: 96
LINE: 100
LINE: 104
LINE: 108
LINE: 112
LINE: 116
LINE: 160
LINE: 164
LINE: 168
LINE: 172
LINE: 176
LINE: 180
LINE: 231
LINE: 235
LINE: 239
LINE: 243
LINE: 247
LINE: 251
LINE: 302
LINE: 306
LINE: 310
LINE: 314
LINE: 318
LINE: 322
LINE: 403
LINE: 407
LINE: 411
LINE: 415
LINE: 419
LINE: 423
LINE: 567
LINE: 571
LINE: 575
LINE: 585
LINE: 618
LINE: 622
LINE: 626
LINE: 630
LINE: 634
LINE: 829
LINE: 833
LINE: 837
LINE: 841
LINE: 845
LINE: 849
FILE: admin/view/template/catalog/product_list.tpl
REGEX: ~if \((.*?) != '\*'\) \{~
LINE: 190
REGEX: ~url = 'index\.php\?route=(.*?)&token=<\?php echo \$token; \?>';~
LINE: 162
FILE: admin/view/template/catalog/attribute_group_list.tpl
CODE: <input type="checkbox" onclick="$('input[name*=\'selected\']').prop('checked', this.checked);" />
LINE: 36
FILE: admin/view/template/catalog/attribute_list.tpl
CODE: <input type="checkbox" onclick="$('input[name*=\'selected\']').prop('checked', this.checked);" />
LINE: 36
FILE: admin/view/template/catalog/category_list.tpl
CODE: <input type="checkbox" onclick="$('input[name*=\'selected\']').prop('checked', this.checked);" />
LINE: 36
FILE: admin/view/template/catalog/download_list.tpl
CODE: <input type="checkbox" onclick="$('input[name*=\'selected\']').prop('checked', this.checked);" />
LINE: 36
FILE: admin/view/template/catalog/filter_list.tpl
CODE: <input type="checkbox" onclick="$('input[name*=\'selected\']').prop('checked', this.checked);" />
LINE: 36
FILE: admin/view/template/catalog/information_list.tpl
CODE: <input type="checkbox" onclick="$('input[name*=\'selected\']').prop('checked', this.checked);" />
LINE: 36
FILE: admin/view/template/catalog/manufacturer_list.tpl
CODE: <input type="checkbox" onclick="$('input[name*=\'selected\']').prop('checked', this.checked);" />
LINE: 36
FILE: admin/view/template/catalog/option_list.tpl
CODE: <input type="checkbox" onclick="$('input[name*=\'selected\']').prop('checked', this.checked);" />
LINE: 36
CODE: <input type="checkbox" onclick="$('input[name*=\'selected\']').prop('checked', this.checked);" />
LINE: 80
FILE: admin/view/template/catalog/recurring_list.tpl
CODE: <input type="checkbox" onclick="$('input[name*=\'selected\']').prop('checked', this.checked);" />
LINE: 37
FILE: admin/view/template/catalog/review_list.tpl
CODE: <input type="checkbox" onclick="$('input[name*=\'selected\']').prop('checked', this.checked);" />
LINE: 77
CODE: <input type="checkbox" onclick="$('input[name*=\'selected\']').prop('checked', this.checked);" />
LINE: 95
FILE: admin/view/template/sale/recurring_list.tpl
CODE: <input type="checkbox" onclick="$('input[name*=\'selected\']').prop('checked', this.checked);" />
NOT FOUND!
FILE: admin/view/template/sale/return_list.tpl
CODE: <input type="checkbox" onclick="$('input[name*=\'selected\']').prop('checked', this.checked);" />
LINE: 98
FILE: admin/view/template/sale/voucher_list.tpl
CODE: <input type="checkbox" onclick="$('input[name*=\'selected\']').prop('checked', this.checked);" />
LINE: 38
FILE: admin/view/template/sale/voucher_theme_list.tpl
CODE: <input type="checkbox" onclick="$('input[name*=\'selected\']').prop('checked', this.checked);" />
LINE: 36
FILE: admin/view/template/customer/custom_field_list.tpl
CODE: <input type="checkbox" onclick="$('input[name*=\'selected\']').prop('checked', this.checked);" />
LINE: 36
FILE: admin/view/template/customer/customer_group_list.tpl
CODE: <input type="checkbox" onclick="$('input[name*=\'selected\']').prop('checked', this.checked);" />
LINE: 36
FILE: admin/view/template/customer/customer_list.tpl
CODE: <input type="checkbox" onclick="$('input[name*=\'selected\']').prop('checked', this.checked);" />
LINE: 114
FILE: admin/controller/common/filemanager.php
CODE: public function index
LINE: 20
FILE: system/library/url.php
FILE: system/library/db/mysql.php
CODE: SET SQL_MODE = ''
LINE: 26
FILE: system/library/db/mysqli.php
CODE: SET SQL_MODE = ''
LINE: 21
----------------------------------------------------------------
MOD: Import/Export XLS products Tool
FILE: admin/controller/common/menu.php
CODE: $this->load->language('common/menu');
LINE: 11
FILE: admin/controller/common/column_left.php
CODE: $user = array();
NOT FOUND!
FILE: admin/view/template/common/menu.tpl
CODE: <li><a href="<?php echo $setting; ?>"><?php echo $text_setting; ?></a></li>
LINE: 123
CODE: move_uploaded_file($this->request->files['file']['tmp_name'], $directory . '/' . $filename);
LINE: 304
CODE: move_uploaded_file($file['tmp_name'], $directory . '/' . $filename);
NOT FOUND!
----------------------------------------------------------------
MOD: OCdevWizard: Helper for modules
CODE: $design = array();
NOT FOUND!
CODE: $this->load->language('common/menu');
LINE: 8
FILE: admin/language/english/common/menu.php
CODE: <?php
LINE: 5
FILE: admin/language/russian/common/menu.php
CODE: <?php
LINE: 5
CODE: <li id="extension"><a class="parent"><i class="fa fa-puzzle-piece fa-fw"></i> <span><?php echo $text_extension; ?></span></a>
LINE: 22
FILE: catalog/controller/common/header.php
CODE: public function index() {
LINE: 43
CODE: public function index() {
LINE: 71
----------------------------------------------------------------
MOD: Ocdevwizard: Smart Contact Us Pro
FILE: admin/controller/user/user_permission.php
CODE: if (isset($this->request->post['permission']['access'])) {
LINE: 395
FILE: admin/controller/error/permission.php
CODE: $ignore = array(
LINE: 50
CODE: $ocdevwizard = array();
NOT FOUND!
CODE: $this->load->language('common/menu');
LINE: 9
CODE: <?php
LINE: 5
CODE: <?php
LINE: 5
CODE: <li id="ocdevwizard"><a class="parent"><i class="fa fa-lightbulb-o fa-fw" aria-hidden="true"></i> <span><?php echo $text_ocdevwizard; ?></span></a><ul>
LINE: 21
FILE: admin/controller/common/header.php
CODE: public function index() {
LINE: 11
CODE: $data['alerts'] = $customer_total + $product_total + $review_total + $return_total + $affiliate_total;
LINE: 137
FILE: admin/controller/common/dashboard.php
CODE: public function index() {
LINE: 14
CODE: foreach ($extensions as $code) {
NOT FOUND!
CODE: $data['modules'] = array();
NOT FOUND!
FILE: admin/view/template/common/header.tpl
CODE: <li class="dropdown-header"><?php echo $text_order; ?></li>
LINE: 57
FILE: admin/view/template/common/dashboard.tpl
CODE: <div class="col-lg-3 col-md-3 col-sm-6"><?php echo $order; ?></div>
LINE: 26
CODE: public function index() {
LINE: 148
CODE: public function index() {
LINE: 179
FILE: catalog/controller/common/column_left.php
CODE: $data['modules'] = array();
LINE: 48
CODE: if ($code && $this->config->get($code . '_status')) {
NOT FOUND!
FILE: catalog/controller/common/column_right.php
CODE: $data['modules'] = array();
LINE: 48
CODE: if ($code && $this->config->get($code . '_status')) {
NOT FOUND!
FILE: catalog/controller/common/content_top.php
CODE: $data['modules'] = array();
LINE: 48
CODE: if ($code && $this->config->get($code . '_status')) {
NOT FOUND!
FILE: catalog/controller/common/content_bottom.php
CODE: $data['modules'] = array();
LINE: 48
CODE: if ($code && $this->config->get($code . '_status')) {
NOT FOUND!
----------------------------------------------------------------
MOD: Tweak for OpenCart 2x Russkaya sborka
CODE: <?php foreach ($links as $link) { ?>
LINE: 35
CODE: <script type="text/javascript" src="view/javascript/summernote/summernote.js"></script>
LINE: 18
CODE: <li><a href="http://www.opencart.com" target="_blank"><?php echo $text_homepage; ?></a></li>
LINE: 91
CODE: <li><a href="http://docs.opencart.com" target="_blank"><?php echo $text_documentation; ?></a></li>
LINE: 94
CODE: <li><a href="http://forum.opencart.com" target="_blank"><?php echo $text_support; ?></a></li>
LINE: 97
FILE: admin/view/template/catalog/product_form.tpl
CODE: <label class="col-sm-2 control-label" for="input-sku"><span data-toggle="tooltip" title="<?php echo $help_sku; ?>"><?php echo $entry_sku; ?></span></label>
LINE: 116
CODE: <label class="col-sm-2 control-label" for="input-sku">
LINE: 122
CODE: <label class="col-sm-2 control-label" for="input-location"><?php echo $entry_location; ?></label>
LINE: 162
CODE: <input type="text" name="model" value="<?php echo $model; ?>" placeholder="<?php echo $entry_model; ?>" id="input-model" class="form-control" />
LINE: 108
CODE: <li><a href="<?php echo $analytics; ?>"><?php echo $text_analytics; ?></a></li>
LINE: 29
CODE: <li><a href="<?php echo $total; ?>"><?php echo $text_total; ?></a></li>
LINE: 40
FILE: admin/model/catalog/category.php
CODE: if (isset($data['keyword'])) {
LINE: 49
FILE: admin/controller/tool/backup.php
CODE: $data['entry_backup'] = $this->language->get('entry_backup');
LINE: 38
FILE: admin/view/template/design/banner_form.tpl
CODE: html += '  <td class="text-right" style="width: 10%;><input type="text" name="banner_image[' + image_row + '][sort_order]" value="" placeholder="<?php echo $entry_sort_order; ?>" class="form-control" /></td>';
LINE: 106
----------------------------------------------------------------
MOD: CSV Price Pro import/export 4 - Admin Menu for 2.0.x-2.2.x
CODE: $this->load->language('common/menu');
LINE: 46
CODE: <li><a href="<?php echo $feed; ?>"><?php echo $text_feed; ?></a></li>
LINE: 51
----------------------------------------------------------------
MOD: Export/Import Tool (V3.20) for OpenCart 2.x
CODE: $data['text_backup'] = $this->language->get('text_backup');
LINE: 75
CODE: $data['backup'] = $this->url->link('tool/backup', 'token=' . $this->session->data['token'],
LINE: 183
CODE: $_['text_backup']
LINE: 20
CODE: $_['text_backup']
LINE: 21
CODE: <li><a href="<?php echo $backup; ?>"><?php echo $text_backup; ?></a></li>
LINE: 184
CODE: if ($this->user->hasPermission('access', 'tool/log')) {
NOT FOUND!
----------------------------------------------------------------
MOD: Export/Import Tool (V3.9) for OpenCart 2.x
CODE: $data['text_backup'] = $this->language->get('text_backup');
LINE: 75
CODE: $data['backup'] = $this->url->link('tool/backup', 'token=' . $this->session->data['token'],
LINE: 186
CODE: $_['text_backup']
LINE: 20
CODE: $_['text_backup']
LINE: 21
CODE: <li><a href="<?php echo $backup; ?>"><?php echo $text_backup; ?></a></li>
LINE: 184
CODE: if ($this->user->hasPermission('access', 'tool/log')) {
NOT FOUND!
----------------------------------------------------------------
2022-04-01 12:20:48 - MOD: Modification Default
FILE: system/engine/action.php
REGEX: ~(require|include)(_once)?\(([^)]+)~
LINE: 39
FILE: system/engine/loader.php
REGEX: ~(require|include)(_once)?\(([^)]+)~
LINE: 20
LINE: 59
LINE: 80
LINE: 99
FILE: system/library/config.php
REGEX: ~(require|include)(_once)?\(([^)]+)~
LINE: 23
FILE: system/library/language.php
REGEX: ~(require|include)(_once)?\(([^)]+)~
LINE: 25
LINE: 31
----------------------------------------------------------------
MOD: Admin Quick Edit PRO
FILE: admin/controller/design/layout.php
CODE: foreach ($extensions as $code)
LINE: 374
CODE: $this->language->get('heading_title')
LINE: 7
LINE: 17
LINE: 49
LINE: 81
LINE: 153
LINE: 181
LINE: 259
LINE: 317
LINE: 383
LINE: 390
FILE: admin/controller/extension/module.php
CODE: function index
LINE: 5
FILE: admin/controller/module/admin_quick_edit.php
CODE: <?php
LINE: 1
FILE: admin/model/extension/event.php
CODE: ModelExtensionEvent extends Model
LINE: 8
FILE: admin/controller/marketing/coupon.php
CODE: public function index() {
LINE: 9
CODE: public function delete() {
LINE: 88
CODE: ControllerMarketingCoupon extends Controller
LINE: 26
CODE: $url .= '&sort=' . $this->request->get['sort'];
LINE: 68
LINE: 109
LINE: 157
LINE: 205
LINE: 326
LINE: 449
FILE: admin/controller/marketing/affiliate.php
CODE: public function index() {
LINE: 9
CODE: public function delete() {
LINE: 128
CODE: public function autocomplete() {
LINE: 1215
CODE: ControllerMarketingAffiliate extends Controller
LINE: 26
CODE: $url .= '&sort=' . $this->request->get['sort'];
LINE: 88
LINE: 149
LINE: 217
LINE: 278
LINE: 339
LINE: 437
LINE: 631
LINE: 855
FILE: admin/controller/marketing/marketing.php
CODE: public function index() {
LINE: 9
CODE: public function delete() {
LINE: 112
CODE: ControllerMarketingMarketing extends Controller
LINE: 10
CODE: $url .= '&sort=' . $this->request->get['sort'];
LINE: 64
LINE: 117
LINE: 177
LINE: 255
LINE: 268
LINE: 418
LINE: 507
FILE: admin/controller/sale/voucher_theme.php
CODE: public function index() {
LINE: 9
CODE: public function delete() {
LINE: 88
CODE: ControllerSaleVoucherTheme extends Controller
LINE: 18
CODE: $url .= '&sort=' . $this->request->get['sort'];
LINE: 60
LINE: 101
LINE: 149
LINE: 197
LINE: 303
LINE: 371
FILE: admin/controller/sale/voucher.php
CODE: public function index() {
LINE: 9
CODE: public function delete() {
LINE: 88
CODE: public function send() {
LINE: 599
CODE: ControllerSaleVoucher extends Controller
LINE: 10
CODE: $url .= '&sort=' . $this->request->get['sort'];
LINE: 52
LINE: 93
LINE: 141
LINE: 189
LINE: 316
LINE: 429
FILE: admin/controller/sale/return.php
CODE: public function index() {
LINE: 9
CODE: public function delete() {
LINE: 152
CODE: ControllerSaleReturn extends Controller
LINE: 34
CODE: $url .= '&sort=' . $this->request->get['sort'];
LINE: 108
LINE: 181
LINE: 261
LINE: 389
LINE: 604
LINE: 782
FILE: admin/controller/sale/order.php
CODE: function getList() {
LINE: 81
CODE: ControllerSaleOrder extends Controller
LINE: 190
FILE: admin/view/template/sale/order_list.tpl
CODE: <div class="panel panel-default">
LINE: 25
CODE: <button type="submit" id="button-shipping"
LINE: 8
REGEX: ~<td class="text-left"><\?php echo \$order\['(.*)status'\]; \?></td>~
LINE: 142
CODE: <?php echo $footer; ?>
LINE: 360
FILE: admin/controller/customer/customer.php
CODE: public function index() {
LINE: 9
CODE: public function delete() {
LINE: 144
CODE: ControllerCustomerCustomer extends Controller
LINE: 26
CODE: $url .= '&sort=' . $this->request->get['sort'];
LINE: 96
LINE: 165
LINE: 241
LINE: 318
LINE: 387
LINE: 505
LINE: 725
LINE: 924
FILE: admin/controller/catalog/information.php
CODE: public function index() {
LINE: 9
CODE: public function delete() {
LINE: 88
CODE: ControllerCatalogInformation extends Controller
LINE: 26
CODE: $url .= '&sort=' . $this->request->get['sort'];
LINE: 68
LINE: 109
LINE: 157
LINE: 205
LINE: 314
LINE: 413
FILE: admin/controller/catalog/review.php
CODE: public function index() {
LINE: 9
CODE: public function delete() {
LINE: 120
CODE: ControllerCatalogReview extends Controller
LINE: 26
CODE: $url .= '&sort=' . $this->request->get['sort'];
LINE: 84
LINE: 141
LINE: 205
LINE: 294
LINE: 443
LINE: 551
FILE: admin/controller/catalog/download.php
CODE: public function index() {
LINE: 9
CODE: public function delete() {
LINE: 88
CODE: public function autocomplete() {
LINE: 523
CODE: ControllerCatalogDownload extends Controller
LINE: 18
CODE: $url .= '&sort=' . $this->request->get['sort'];
LINE: 60
LINE: 101
LINE: 149
LINE: 197
LINE: 306
LINE: 386
FILE: admin/controller/catalog/manufacturer.php
CODE: public function index() {
LINE: 9
CODE: public function delete() {
LINE: 88
CODE: public function autocomplete() {
LINE: 463
CODE: ControllerCatalogManufacturer extends Controller
LINE: 18
CODE: $url .= '&sort=' . $this->request->get['sort'];
LINE: 60
LINE: 101
LINE: 149
LINE: 197
LINE: 306
LINE: 385
FILE: admin/controller/catalog/option.php
CODE: public function index() {
LINE: 9
CODE: public function delete() {
LINE: 88
CODE: ControllerCatalogOption extends Controller
LINE: 34
CODE: $url .= '&sort=' . $this->request->get['sort'];
LINE: 76
LINE: 117
LINE: 165
LINE: 213
LINE: 322
LINE: 407
FILE: admin/controller/catalog/attribute_group.php
CODE: public function index() {
LINE: 9
CODE: public function delete() {
LINE: 88
CODE: ControllerCatalogAttributeGroup extends Controller
LINE: 26
CODE: $url .= '&sort=' . $this->request->get['sort'];
LINE: 68
LINE: 109
LINE: 157
LINE: 205
LINE: 314
LINE: 376
FILE: admin/controller/catalog/attribute.php
CODE: public function index() {
LINE: 9
CODE: public function delete() {
LINE: 88
CODE: public function autocomplete() {
LINE: 422
CODE: ControllerCatalogAttribute extends Controller
LINE: 18
CODE: $url .= '&sort=' . $this->request->get['sort'];
LINE: 60
LINE: 101
LINE: 149
LINE: 197
LINE: 309
LINE: 378
FILE: admin/controller/catalog/filter.php
CODE: public function index() {
LINE: 9
CODE: public function delete() {
LINE: 88
CODE: ControllerCatalogFilter extends Controller
LINE: 34
CODE: $url .= '&sort=' . $this->request->get['sort'];
LINE: 76
LINE: 117
LINE: 165
LINE: 213
LINE: 322
LINE: 393
FILE: admin/controller/catalog/recurring.php
CODE: public function index() {
LINE: 9
CODE: public function delete() {
LINE: 88
CODE: public function copy() {
LINE: 127
CODE: ControllerCatalogRecurring extends Controller
LINE: 18
CODE: $url .= '&sort=' . $this->request->get['sort'];
LINE: 60
LINE: 101
LINE: 149
LINE: 197
LINE: 245
LINE: 356
LINE: 433
FILE: admin/controller/catalog/category.php
CODE: public function index() {
LINE: 9
CODE: public function delete() {
LINE: 88
CODE: public function autocomplete() {
LINE: 592
CODE: ControllerCatalogCategory extends Controller
LINE: 42
CODE: $url .= '&sort=' . $this->request->get['sort'];
LINE: 84
LINE: 125
LINE: 173
LINE: 239
LINE: 351
LINE: 451
FILE: admin/controller/catalog/product.php
CODE: public function index() {
LINE: 9
CODE: public function delete() {
LINE: 128
CODE: public function copy() {
LINE: 187
CODE: public function autocomplete() {
LINE: 1376
CODE: ControllerCatalogProduct extends Controller
LINE: 42
CODE: $url .= '&filter_name=' . urlencode(html_entity_decode($this->request->get['filter_name'], ENT_QUOTES, 'UTF-8'));
LINE: 87
LINE: 151
LINE: 222
LINE: 293
LINE: 394
LINE: 558
LINE: 609
LINE: 820
REGEX: ~\$url \.= '&(.*?)=' \. \$this->request->get\['(.*?)'\];~
LINE: 96
LINE: 100
LINE: 104
LINE: 108
LINE: 112
LINE: 116
LINE: 160
LINE: 164
LINE: 168
LINE: 172
LINE: 176
LINE: 180
LINE: 231
LINE: 235
LINE: 239
LINE: 243
LINE: 247
LINE: 251
LINE: 302
LINE: 306
LINE: 310
LINE: 314
LINE: 318
LINE: 322
LINE: 403
LINE: 407
LINE: 411
LINE: 415
LINE: 419
LINE: 423
LINE: 567
LINE: 571
LINE: 575
LINE: 585
LINE: 618
LINE: 622
LINE: 626
LINE: 630
LINE: 634
LINE: 829
LINE: 833
LINE: 837
LINE: 841
LINE: 845
LINE: 849
FILE: admin/view/template/catalog/product_list.tpl
REGEX: ~if \((.*?) != '\*'\) \{~
LINE: 190
REGEX: ~url = 'index\.php\?route=(.*?)&token=<\?php echo \$token; \?>';~
LINE: 162
FILE: admin/view/template/catalog/attribute_group_list.tpl
CODE: <input type="checkbox" onclick="$('input[name*=\'selected\']').prop('checked', this.checked);" />
LINE: 36
FILE: admin/view/template/catalog/attribute_list.tpl
CODE: <input type="checkbox" onclick="$('input[name*=\'selected\']').prop('checked', this.checked);" />
LINE: 36
FILE: admin/view/template/catalog/category_list.tpl
CODE: <input type="checkbox" onclick="$('input[name*=\'selected\']').prop('checked', this.checked);" />
LINE: 36
FILE: admin/view/template/catalog/download_list.tpl
CODE: <input type="checkbox" onclick="$('input[name*=\'selected\']').prop('checked', this.checked);" />
LINE: 36
FILE: admin/view/template/catalog/filter_list.tpl
CODE: <input type="checkbox" onclick="$('input[name*=\'selected\']').prop('checked', this.checked);" />
LINE: 36
FILE: admin/view/template/catalog/information_list.tpl
CODE: <input type="checkbox" onclick="$('input[name*=\'selected\']').prop('checked', this.checked);" />
LINE: 36
FILE: admin/view/template/catalog/manufacturer_list.tpl
CODE: <input type="checkbox" onclick="$('input[name*=\'selected\']').prop('checked', this.checked);" />
LINE: 36
FILE: admin/view/template/catalog/option_list.tpl
CODE: <input type="checkbox" onclick="$('input[name*=\'selected\']').prop('checked', this.checked);" />
LINE: 36
CODE: <input type="checkbox" onclick="$('input[name*=\'selected\']').prop('checked', this.checked);" />
LINE: 80
FILE: admin/view/template/catalog/recurring_list.tpl
CODE: <input type="checkbox" onclick="$('input[name*=\'selected\']').prop('checked', this.checked);" />
LINE: 37
FILE: admin/view/template/catalog/review_list.tpl
CODE: <input type="checkbox" onclick="$('input[name*=\'selected\']').prop('checked', this.checked);" />
LINE: 77
CODE: <input type="checkbox" onclick="$('input[name*=\'selected\']').prop('checked', this.checked);" />
LINE: 95
FILE: admin/view/template/sale/recurring_list.tpl
CODE: <input type="checkbox" onclick="$('input[name*=\'selected\']').prop('checked', this.checked);" />
NOT FOUND!
FILE: admin/view/template/sale/return_list.tpl
CODE: <input type="checkbox" onclick="$('input[name*=\'selected\']').prop('checked', this.checked);" />
LINE: 98
FILE: admin/view/template/sale/voucher_list.tpl
CODE: <input type="checkbox" onclick="$('input[name*=\'selected\']').prop('checked', this.checked);" />
LINE: 38
FILE: admin/view/template/sale/voucher_theme_list.tpl
CODE: <input type="checkbox" onclick="$('input[name*=\'selected\']').prop('checked', this.checked);" />
LINE: 36
FILE: admin/view/template/customer/custom_field_list.tpl
CODE: <input type="checkbox" onclick="$('input[name*=\'selected\']').prop('checked', this.checked);" />
LINE: 36
FILE: admin/view/template/customer/customer_group_list.tpl
CODE: <input type="checkbox" onclick="$('input[name*=\'selected\']').prop('checked', this.checked);" />
LINE: 36
FILE: admin/view/template/customer/customer_list.tpl
CODE: <input type="checkbox" onclick="$('input[name*=\'selected\']').prop('checked', this.checked);" />
LINE: 114
FILE: admin/controller/common/filemanager.php
CODE: public function index
LINE: 20
FILE: system/library/url.php
FILE: system/library/db/mysql.php
CODE: SET SQL_MODE = ''
LINE: 26
FILE: system/library/db/mysqli.php
CODE: SET SQL_MODE = ''
LINE: 21
----------------------------------------------------------------
MOD: Import/Export XLS products Tool
FILE: admin/controller/common/menu.php
CODE: $this->load->language('common/menu');
LINE: 11
FILE: admin/controller/common/column_left.php
CODE: $user = array();
NOT FOUND!
FILE: admin/view/template/common/menu.tpl
CODE: <li><a href="<?php echo $setting; ?>"><?php echo $text_setting; ?></a></li>
LINE: 123
CODE: move_uploaded_file($this->request->files['file']['tmp_name'], $directory . '/' . $filename);
LINE: 304
CODE: move_uploaded_file($file['tmp_name'], $directory . '/' . $filename);
NOT FOUND!
----------------------------------------------------------------
MOD: OCdevWizard: Helper for modules
CODE: $design = array();
NOT FOUND!
CODE: $this->load->language('common/menu');
LINE: 8
FILE: admin/language/english/common/menu.php
CODE: <?php
LINE: 5
FILE: admin/language/russian/common/menu.php
CODE: <?php
LINE: 5
CODE: <li id="extension"><a class="parent"><i class="fa fa-puzzle-piece fa-fw"></i> <span><?php echo $text_extension; ?></span></a>
LINE: 22
FILE: catalog/controller/common/header.php
CODE: public function index() {
LINE: 43
CODE: public function index() {
LINE: 71
----------------------------------------------------------------
MOD: Ocdevwizard: Smart Contact Us Pro
FILE: admin/controller/user/user_permission.php
CODE: if (isset($this->request->post['permission']['access'])) {
LINE: 395
FILE: admin/controller/error/permission.php
CODE: $ignore = array(
LINE: 50
CODE: $ocdevwizard = array();
NOT FOUND!
CODE: $this->load->language('common/menu');
LINE: 9
CODE: <?php
LINE: 5
CODE: <?php
LINE: 5
CODE: <li id="ocdevwizard"><a class="parent"><i class="fa fa-lightbulb-o fa-fw" aria-hidden="true"></i> <span><?php echo $text_ocdevwizard; ?></span></a><ul>
LINE: 21
FILE: admin/controller/common/header.php
CODE: public function index() {
LINE: 11
CODE: $data['alerts'] = $customer_total + $product_total + $review_total + $return_total + $affiliate_total;
LINE: 137
FILE: admin/controller/common/dashboard.php
CODE: public function index() {
LINE: 14
CODE: foreach ($extensions as $code) {
NOT FOUND!
CODE: $data['modules'] = array();
NOT FOUND!
FILE: admin/view/template/common/header.tpl
CODE: <li class="dropdown-header"><?php echo $text_order; ?></li>
LINE: 57
FILE: admin/view/template/common/dashboard.tpl
CODE: <div class="col-lg-3 col-md-3 col-sm-6"><?php echo $order; ?></div>
LINE: 26
CODE: public function index() {
LINE: 148
CODE: public function index() {
LINE: 179
FILE: catalog/controller/common/column_left.php
CODE: $data['modules'] = array();
LINE: 48
CODE: if ($code && $this->config->get($code . '_status')) {
NOT FOUND!
FILE: catalog/controller/common/column_right.php
CODE: $data['modules'] = array();
LINE: 48
CODE: if ($code && $this->config->get($code . '_status')) {
NOT FOUND!
FILE: catalog/controller/common/content_top.php
CODE: $data['modules'] = array();
LINE: 48
CODE: if ($code && $this->config->get($code . '_status')) {
NOT FOUND!
FILE: catalog/controller/common/content_bottom.php
CODE: $data['modules'] = array();
LINE: 48
CODE: if ($code && $this->config->get($code . '_status')) {
NOT FOUND!
----------------------------------------------------------------
MOD: Tweak for OpenCart 2x Russkaya sborka
CODE: <?php foreach ($links as $link) { ?>
LINE: 35
CODE: <script type="text/javascript" src="view/javascript/summernote/summernote.js"></script>
LINE: 18
CODE: <li><a href="http://www.opencart.com" target="_blank"><?php echo $text_homepage; ?></a></li>
LINE: 91
CODE: <li><a href="http://docs.opencart.com" target="_blank"><?php echo $text_documentation; ?></a></li>
LINE: 94
CODE: <li><a href="http://forum.opencart.com" target="_blank"><?php echo $text_support; ?></a></li>
LINE: 97
FILE: admin/view/template/catalog/product_form.tpl
CODE: <label class="col-sm-2 control-label" for="input-sku"><span data-toggle="tooltip" title="<?php echo $help_sku; ?>"><?php echo $entry_sku; ?></span></label>
LINE: 116
CODE: <label class="col-sm-2 control-label" for="input-sku">
LINE: 122
CODE: <label class="col-sm-2 control-label" for="input-location"><?php echo $entry_location; ?></label>
LINE: 162
CODE: <input type="text" name="model" value="<?php echo $model; ?>" placeholder="<?php echo $entry_model; ?>" id="input-model" class="form-control" />
LINE: 108
CODE: <li><a href="<?php echo $analytics; ?>"><?php echo $text_analytics; ?></a></li>
LINE: 29
CODE: <li><a href="<?php echo $total; ?>"><?php echo $text_total; ?></a></li>
LINE: 40
FILE: admin/model/catalog/category.php
CODE: if (isset($data['keyword'])) {
LINE: 49
FILE: admin/controller/tool/backup.php
CODE: $data['entry_backup'] = $this->language->get('entry_backup');
LINE: 38
FILE: admin/view/template/design/banner_form.tpl
CODE: html += '  <td class="text-right" style="width: 10%;><input type="text" name="banner_image[' + image_row + '][sort_order]" value="" placeholder="<?php echo $entry_sort_order; ?>" class="form-control" /></td>';
LINE: 106
----------------------------------------------------------------
MOD: CSV Price Pro import/export 4 - Admin Menu for 2.0.x-2.2.x
CODE: $this->load->language('common/menu');
LINE: 46
CODE: <li><a href="<?php echo $feed; ?>"><?php echo $text_feed; ?></a></li>
LINE: 51
----------------------------------------------------------------
MOD: Export/Import Tool (V3.20) for OpenCart 2.x
CODE: $data['text_backup'] = $this->language->get('text_backup');
LINE: 75
CODE: $data['backup'] = $this->url->link('tool/backup', 'token=' . $this->session->data['token'],
LINE: 183
CODE: $_['text_backup']
LINE: 20
CODE: $_['text_backup']
LINE: 21
CODE: <li><a href="<?php echo $backup; ?>"><?php echo $text_backup; ?></a></li>
LINE: 184
CODE: if ($this->user->hasPermission('access', 'tool/log')) {
NOT FOUND!
----------------------------------------------------------------
MOD: Export/Import Tool (V3.9) for OpenCart 2.x
CODE: $data['text_backup'] = $this->language->get('text_backup');
LINE: 75
CODE: $data['backup'] = $this->url->link('tool/backup', 'token=' . $this->session->data['token'],
LINE: 186
CODE: $_['text_backup']
LINE: 20
CODE: $_['text_backup']
LINE: 21
CODE: <li><a href="<?php echo $backup; ?>"><?php echo $text_backup; ?></a></li>
LINE: 184
CODE: if ($this->user->hasPermission('access', 'tool/log')) {
NOT FOUND!
----------------------------------------------------------------
2022-05-24 13:36:22 - MOD: Modification Default
FILE: system/engine/action.php
REGEX: ~(require|include)(_once)?\(([^)]+)~
LINE: 39
FILE: system/engine/loader.php
REGEX: ~(require|include)(_once)?\(([^)]+)~
LINE: 20
LINE: 59
LINE: 80
LINE: 99
FILE: system/library/config.php
REGEX: ~(require|include)(_once)?\(([^)]+)~
LINE: 23
FILE: system/library/language.php
REGEX: ~(require|include)(_once)?\(([^)]+)~
LINE: 25
LINE: 31
----------------------------------------------------------------
MOD: Admin Quick Edit PRO
FILE: admin/controller/design/layout.php
CODE: foreach ($extensions as $code)
LINE: 374
CODE: $this->language->get('heading_title')
LINE: 7
LINE: 17
LINE: 49
LINE: 81
LINE: 153
LINE: 181
LINE: 259
LINE: 317
LINE: 383
LINE: 390
FILE: admin/controller/extension/module.php
CODE: function index
LINE: 5
FILE: admin/controller/module/admin_quick_edit.php
CODE: <?php
LINE: 1
FILE: admin/model/extension/event.php
CODE: ModelExtensionEvent extends Model
LINE: 8
FILE: admin/controller/marketing/coupon.php
CODE: public function index() {
LINE: 9
CODE: public function delete() {
LINE: 88
CODE: ControllerMarketingCoupon extends Controller
LINE: 26
CODE: $url .= '&sort=' . $this->request->get['sort'];
LINE: 68
LINE: 109
LINE: 157
LINE: 205
LINE: 326
LINE: 449
FILE: admin/controller/marketing/affiliate.php
CODE: public function index() {
LINE: 9
CODE: public function delete() {
LINE: 128
CODE: public function autocomplete() {
LINE: 1215
CODE: ControllerMarketingAffiliate extends Controller
LINE: 26
CODE: $url .= '&sort=' . $this->request->get['sort'];
LINE: 88
LINE: 149
LINE: 217
LINE: 278
LINE: 339
LINE: 437
LINE: 631
LINE: 855
FILE: admin/controller/marketing/marketing.php
CODE: public function index() {
LINE: 9
CODE: public function delete() {
LINE: 112
CODE: ControllerMarketingMarketing extends Controller
LINE: 10
CODE: $url .= '&sort=' . $this->request->get['sort'];
LINE: 64
LINE: 117
LINE: 177
LINE: 255
LINE: 268
LINE: 418
LINE: 507
FILE: admin/controller/sale/voucher_theme.php
CODE: public function index() {
LINE: 9
CODE: public function delete() {
LINE: 88
CODE: ControllerSaleVoucherTheme extends Controller
LINE: 18
CODE: $url .= '&sort=' . $this->request->get['sort'];
LINE: 60
LINE: 101
LINE: 149
LINE: 197
LINE: 303
LINE: 371
FILE: admin/controller/sale/voucher.php
CODE: public function index() {
LINE: 9
CODE: public function delete() {
LINE: 88
CODE: public function send() {
LINE: 599
CODE: ControllerSaleVoucher extends Controller
LINE: 10
CODE: $url .= '&sort=' . $this->request->get['sort'];
LINE: 52
LINE: 93
LINE: 141
LINE: 189
LINE: 316
LINE: 429
FILE: admin/controller/sale/return.php
CODE: public function index() {
LINE: 9
CODE: public function delete() {
LINE: 152
CODE: ControllerSaleReturn extends Controller
LINE: 34
CODE: $url .= '&sort=' . $this->request->get['sort'];
LINE: 108
LINE: 181
LINE: 261
LINE: 389
LINE: 604
LINE: 782
FILE: admin/controller/sale/order.php
CODE: function getList() {
LINE: 81
CODE: ControllerSaleOrder extends Controller
LINE: 190
FILE: admin/view/template/sale/order_list.tpl
CODE: <div class="panel panel-default">
LINE: 25
CODE: <button type="submit" id="button-shipping"
LINE: 8
REGEX: ~<td class="text-left"><\?php echo \$order\['(.*)status'\]; \?></td>~
LINE: 142
CODE: <?php echo $footer; ?>
LINE: 360
FILE: admin/controller/customer/customer.php
CODE: public function index() {
LINE: 9
CODE: public function delete() {
LINE: 144
CODE: ControllerCustomerCustomer extends Controller
LINE: 26
CODE: $url .= '&sort=' . $this->request->get['sort'];
LINE: 96
LINE: 165
LINE: 241
LINE: 318
LINE: 387
LINE: 505
LINE: 725
LINE: 924
FILE: admin/controller/catalog/information.php
CODE: public function index() {
LINE: 9
CODE: public function delete() {
LINE: 88
CODE: ControllerCatalogInformation extends Controller
LINE: 26
CODE: $url .= '&sort=' . $this->request->get['sort'];
LINE: 68
LINE: 109
LINE: 157
LINE: 205
LINE: 314
LINE: 413
FILE: admin/controller/catalog/review.php
CODE: public function index() {
LINE: 9
CODE: public function delete() {
LINE: 120
CODE: ControllerCatalogReview extends Controller
LINE: 26
CODE: $url .= '&sort=' . $this->request->get['sort'];
LINE: 84
LINE: 141
LINE: 205
LINE: 294
LINE: 443
LINE: 551
FILE: admin/controller/catalog/download.php
CODE: public function index() {
LINE: 9
CODE: public function delete() {
LINE: 88
CODE: public function autocomplete() {
LINE: 523
CODE: ControllerCatalogDownload extends Controller
LINE: 18
CODE: $url .= '&sort=' . $this->request->get['sort'];
LINE: 60
LINE: 101
LINE: 149
LINE: 197
LINE: 306
LINE: 386
FILE: admin/controller/catalog/manufacturer.php
CODE: public function index() {
LINE: 9
CODE: public function delete() {
LINE: 88
CODE: public function autocomplete() {
LINE: 463
CODE: ControllerCatalogManufacturer extends Controller
LINE: 18
CODE: $url .= '&sort=' . $this->request->get['sort'];
LINE: 60
LINE: 101
LINE: 149
LINE: 197
LINE: 306
LINE: 385
FILE: admin/controller/catalog/option.php
CODE: public function index() {
LINE: 9
CODE: public function delete() {
LINE: 88
CODE: ControllerCatalogOption extends Controller
LINE: 34
CODE: $url .= '&sort=' . $this->request->get['sort'];
LINE: 76
LINE: 117
LINE: 165
LINE: 213
LINE: 322
LINE: 407
FILE: admin/controller/catalog/attribute_group.php
CODE: public function index() {
LINE: 9
CODE: public function delete() {
LINE: 88
CODE: ControllerCatalogAttributeGroup extends Controller
LINE: 26
CODE: $url .= '&sort=' . $this->request->get['sort'];
LINE: 68
LINE: 109
LINE: 157
LINE: 205
LINE: 314
LINE: 376
FILE: admin/controller/catalog/attribute.php
CODE: public function index() {
LINE: 9
CODE: public function delete() {
LINE: 88
CODE: public function autocomplete() {
LINE: 422
CODE: ControllerCatalogAttribute extends Controller
LINE: 18
CODE: $url .= '&sort=' . $this->request->get['sort'];
LINE: 60
LINE: 101
LINE: 149
LINE: 197
LINE: 309
LINE: 378
FILE: admin/controller/catalog/filter.php
CODE: public function index() {
LINE: 9
CODE: public function delete() {
LINE: 88
CODE: ControllerCatalogFilter extends Controller
LINE: 34
CODE: $url .= '&sort=' . $this->request->get['sort'];
LINE: 76
LINE: 117
LINE: 165
LINE: 213
LINE: 322
LINE: 393
FILE: admin/controller/catalog/recurring.php
CODE: public function index() {
LINE: 9
CODE: public function delete() {
LINE: 88
CODE: public function copy() {
LINE: 127
CODE: ControllerCatalogRecurring extends Controller
LINE: 18
CODE: $url .= '&sort=' . $this->request->get['sort'];
LINE: 60
LINE: 101
LINE: 149
LINE: 197
LINE: 245
LINE: 356
LINE: 433
FILE: admin/controller/catalog/category.php
CODE: public function index() {
LINE: 9
CODE: public function delete() {
LINE: 88
CODE: public function autocomplete() {
LINE: 592
CODE: ControllerCatalogCategory extends Controller
LINE: 42
CODE: $url .= '&sort=' . $this->request->get['sort'];
LINE: 84
LINE: 125
LINE: 173
LINE: 239
LINE: 351
LINE: 451
FILE: admin/controller/catalog/product.php
CODE: public function index() {
LINE: 9
CODE: public function delete() {
LINE: 128
CODE: public function copy() {
LINE: 187
CODE: public function autocomplete() {
LINE: 1376
CODE: ControllerCatalogProduct extends Controller
LINE: 42
CODE: $url .= '&filter_name=' . urlencode(html_entity_decode($this->request->get['filter_name'], ENT_QUOTES, 'UTF-8'));
LINE: 87
LINE: 151
LINE: 222
LINE: 293
LINE: 394
LINE: 558
LINE: 609
LINE: 820
REGEX: ~\$url \.= '&(.*?)=' \. \$this->request->get\['(.*?)'\];~
LINE: 96
LINE: 100
LINE: 104
LINE: 108
LINE: 112
LINE: 116
LINE: 160
LINE: 164
LINE: 168
LINE: 172
LINE: 176
LINE: 180
LINE: 231
LINE: 235
LINE: 239
LINE: 243
LINE: 247
LINE: 251
LINE: 302
LINE: 306
LINE: 310
LINE: 314
LINE: 318
LINE: 322
LINE: 403
LINE: 407
LINE: 411
LINE: 415
LINE: 419
LINE: 423
LINE: 567
LINE: 571
LINE: 575
LINE: 585
LINE: 618
LINE: 622
LINE: 626
LINE: 630
LINE: 634
LINE: 829
LINE: 833
LINE: 837
LINE: 841
LINE: 845
LINE: 849
FILE: admin/view/template/catalog/product_list.tpl
REGEX: ~if \((.*?) != '\*'\) \{~
LINE: 190
REGEX: ~url = 'index\.php\?route=(.*?)&token=<\?php echo \$token; \?>';~
LINE: 162
FILE: admin/view/template/catalog/attribute_group_list.tpl
CODE: <input type="checkbox" onclick="$('input[name*=\'selected\']').prop('checked', this.checked);" />
LINE: 36
FILE: admin/view/template/catalog/attribute_list.tpl
CODE: <input type="checkbox" onclick="$('input[name*=\'selected\']').prop('checked', this.checked);" />
LINE: 36
FILE: admin/view/template/catalog/category_list.tpl
CODE: <input type="checkbox" onclick="$('input[name*=\'selected\']').prop('checked', this.checked);" />
LINE: 36
FILE: admin/view/template/catalog/download_list.tpl
CODE: <input type="checkbox" onclick="$('input[name*=\'selected\']').prop('checked', this.checked);" />
LINE: 36
FILE: admin/view/template/catalog/filter_list.tpl
CODE: <input type="checkbox" onclick="$('input[name*=\'selected\']').prop('checked', this.checked);" />
LINE: 36
FILE: admin/view/template/catalog/information_list.tpl
CODE: <input type="checkbox" onclick="$('input[name*=\'selected\']').prop('checked', this.checked);" />
LINE: 36
FILE: admin/view/template/catalog/manufacturer_list.tpl
CODE: <input type="checkbox" onclick="$('input[name*=\'selected\']').prop('checked', this.checked);" />
LINE: 36
FILE: admin/view/template/catalog/option_list.tpl
CODE: <input type="checkbox" onclick="$('input[name*=\'selected\']').prop('checked', this.checked);" />
LINE: 36
CODE: <input type="checkbox" onclick="$('input[name*=\'selected\']').prop('checked', this.checked);" />
LINE: 80
FILE: admin/view/template/catalog/recurring_list.tpl
CODE: <input type="checkbox" onclick="$('input[name*=\'selected\']').prop('checked', this.checked);" />
LINE: 37
FILE: admin/view/template/catalog/review_list.tpl
CODE: <input type="checkbox" onclick="$('input[name*=\'selected\']').prop('checked', this.checked);" />
LINE: 77
CODE: <input type="checkbox" onclick="$('input[name*=\'selected\']').prop('checked', this.checked);" />
LINE: 95
FILE: admin/view/template/sale/recurring_list.tpl
CODE: <input type="checkbox" onclick="$('input[name*=\'selected\']').prop('checked', this.checked);" />
NOT FOUND!
FILE: admin/view/template/sale/return_list.tpl
CODE: <input type="checkbox" onclick="$('input[name*=\'selected\']').prop('checked', this.checked);" />
LINE: 98
FILE: admin/view/template/sale/voucher_list.tpl
CODE: <input type="checkbox" onclick="$('input[name*=\'selected\']').prop('checked', this.checked);" />
LINE: 38
FILE: admin/view/template/sale/voucher_theme_list.tpl
CODE: <input type="checkbox" onclick="$('input[name*=\'selected\']').prop('checked', this.checked);" />
LINE: 36
FILE: admin/view/template/customer/custom_field_list.tpl
CODE: <input type="checkbox" onclick="$('input[name*=\'selected\']').prop('checked', this.checked);" />
LINE: 36
FILE: admin/view/template/customer/customer_group_list.tpl
CODE: <input type="checkbox" onclick="$('input[name*=\'selected\']').prop('checked', this.checked);" />
LINE: 36
FILE: admin/view/template/customer/customer_list.tpl
CODE: <input type="checkbox" onclick="$('input[name*=\'selected\']').prop('checked', this.checked);" />
LINE: 114
FILE: admin/controller/common/filemanager.php
CODE: public function index
LINE: 20
FILE: system/library/url.php
FILE: system/library/db/mysql.php
CODE: SET SQL_MODE = ''
LINE: 26
FILE: system/library/db/mysqli.php
CODE: SET SQL_MODE = ''
LINE: 21
----------------------------------------------------------------
MOD: Import/Export XLS products Tool
FILE: admin/controller/common/menu.php
CODE: $this->load->language('common/menu');
LINE: 11
FILE: admin/controller/common/column_left.php
CODE: $user = array();
NOT FOUND!
FILE: admin/view/template/common/menu.tpl
CODE: <li><a href="<?php echo $setting; ?>"><?php echo $text_setting; ?></a></li>
LINE: 123
CODE: move_uploaded_file($this->request->files['file']['tmp_name'], $directory . '/' . $filename);
LINE: 304
CODE: move_uploaded_file($file['tmp_name'], $directory . '/' . $filename);
NOT FOUND!
----------------------------------------------------------------
MOD: OCdevWizard: Helper for modules
CODE: $design = array();
NOT FOUND!
CODE: $this->load->language('common/menu');
LINE: 8
FILE: admin/language/english/common/menu.php
CODE: <?php
LINE: 5
FILE: admin/language/russian/common/menu.php
CODE: <?php
LINE: 5
CODE: <li id="extension"><a class="parent"><i class="fa fa-puzzle-piece fa-fw"></i> <span><?php echo $text_extension; ?></span></a>
LINE: 22
FILE: catalog/controller/common/header.php
CODE: public function index() {
LINE: 43
CODE: public function index() {
LINE: 71
----------------------------------------------------------------
MOD: Ocdevwizard: Smart Contact Us Pro
FILE: admin/controller/user/user_permission.php
CODE: if (isset($this->request->post['permission']['access'])) {
LINE: 395
FILE: admin/controller/error/permission.php
CODE: $ignore = array(
LINE: 50
CODE: $ocdevwizard = array();
NOT FOUND!
CODE: $this->load->language('common/menu');
LINE: 9
CODE: <?php
LINE: 5
CODE: <?php
LINE: 5
CODE: <li id="ocdevwizard"><a class="parent"><i class="fa fa-lightbulb-o fa-fw" aria-hidden="true"></i> <span><?php echo $text_ocdevwizard; ?></span></a><ul>
LINE: 21
FILE: admin/controller/common/header.php
CODE: public function index() {
LINE: 11
CODE: $data['alerts'] = $customer_total + $product_total + $review_total + $return_total + $affiliate_total;
LINE: 137
FILE: admin/controller/common/dashboard.php
CODE: public function index() {
LINE: 14
CODE: foreach ($extensions as $code) {
NOT FOUND!
CODE: $data['modules'] = array();
NOT FOUND!
FILE: admin/view/template/common/header.tpl
CODE: <li class="dropdown-header"><?php echo $text_order; ?></li>
LINE: 57
FILE: admin/view/template/common/dashboard.tpl
CODE: <div class="col-lg-3 col-md-3 col-sm-6"><?php echo $order; ?></div>
LINE: 26
CODE: public function index() {
LINE: 148
CODE: public function index() {
LINE: 179
FILE: catalog/controller/common/column_left.php
CODE: $data['modules'] = array();
LINE: 48
CODE: if ($code && $this->config->get($code . '_status')) {
NOT FOUND!
FILE: catalog/controller/common/column_right.php
CODE: $data['modules'] = array();
LINE: 48
CODE: if ($code && $this->config->get($code . '_status')) {
NOT FOUND!
FILE: catalog/controller/common/content_top.php
CODE: $data['modules'] = array();
LINE: 48
CODE: if ($code && $this->config->get($code . '_status')) {
NOT FOUND!
FILE: catalog/controller/common/content_bottom.php
CODE: $data['modules'] = array();
LINE: 48
CODE: if ($code && $this->config->get($code . '_status')) {
NOT FOUND!
----------------------------------------------------------------
MOD: Tweak for OpenCart 2x Russkaya sborka
CODE: <?php foreach ($links as $link) { ?>
LINE: 35
CODE: <script type="text/javascript" src="view/javascript/summernote/summernote.js"></script>
LINE: 18
CODE: <li><a href="http://www.opencart.com" target="_blank"><?php echo $text_homepage; ?></a></li>
LINE: 91
CODE: <li><a href="http://docs.opencart.com" target="_blank"><?php echo $text_documentation; ?></a></li>
LINE: 94
CODE: <li><a href="http://forum.opencart.com" target="_blank"><?php echo $text_support; ?></a></li>
LINE: 97
FILE: admin/view/template/catalog/product_form.tpl
CODE: <label class="col-sm-2 control-label" for="input-sku"><span data-toggle="tooltip" title="<?php echo $help_sku; ?>"><?php echo $entry_sku; ?></span></label>
LINE: 116
CODE: <label class="col-sm-2 control-label" for="input-sku">
LINE: 122
CODE: <label class="col-sm-2 control-label" for="input-location"><?php echo $entry_location; ?></label>
LINE: 162
CODE: <input type="text" name="model" value="<?php echo $model; ?>" placeholder="<?php echo $entry_model; ?>" id="input-model" class="form-control" />
LINE: 108
CODE: <li><a href="<?php echo $analytics; ?>"><?php echo $text_analytics; ?></a></li>
LINE: 29
CODE: <li><a href="<?php echo $total; ?>"><?php echo $text_total; ?></a></li>
LINE: 40
FILE: admin/model/catalog/category.php
CODE: if (isset($data['keyword'])) {
LINE: 49
FILE: admin/controller/tool/backup.php
CODE: $data['entry_backup'] = $this->language->get('entry_backup');
LINE: 38
FILE: admin/view/template/design/banner_form.tpl
CODE: html += '  <td class="text-right" style="width: 10%;><input type="text" name="banner_image[' + image_row + '][sort_order]" value="" placeholder="<?php echo $entry_sort_order; ?>" class="form-control" /></td>';
LINE: 106
----------------------------------------------------------------
MOD: CSV Price Pro import/export 4 - Admin Menu for 2.0.x-2.2.x
CODE: $this->load->language('common/menu');
LINE: 46
CODE: <li><a href="<?php echo $feed; ?>"><?php echo $text_feed; ?></a></li>
LINE: 51
----------------------------------------------------------------
MOD: Export/Import Tool (V3.20) for OpenCart 2.x
CODE: $data['text_backup'] = $this->language->get('text_backup');
LINE: 75
CODE: $data['backup'] = $this->url->link('tool/backup', 'token=' . $this->session->data['token'],
LINE: 183
CODE: $_['text_backup']
LINE: 20
CODE: $_['text_backup']
LINE: 21
CODE: <li><a href="<?php echo $backup; ?>"><?php echo $text_backup; ?></a></li>
LINE: 184
CODE: if ($this->user->hasPermission('access', 'tool/log')) {
NOT FOUND!
----------------------------------------------------------------
MOD: Export/Import Tool (V3.9) for OpenCart 2.x
CODE: $data['text_backup'] = $this->language->get('text_backup');
LINE: 75
CODE: $data['backup'] = $this->url->link('tool/backup', 'token=' . $this->session->data['token'],
LINE: 186
CODE: $_['text_backup']
LINE: 20
CODE: $_['text_backup']
LINE: 21
CODE: <li><a href="<?php echo $backup; ?>"><?php echo $text_backup; ?></a></li>
LINE: 184
CODE: if ($this->user->hasPermission('access', 'tool/log')) {
NOT FOUND!
----------------------------------------------------------------
